SysError in <TFile::TFile>: file /vols/cms/es811/Stage1categorisation/trainTrees/new.root can not be opened (No such file or directory)
Warning in <TTree::SetCacheSizeAux>: A TTreeCache could not be created because the TTree has no file
[01:07:33] src/tree/updater_prune.cc:74: tree pruning end, 1 roots, 14 extra nodes, 0 pruned nodes, max_depth=4
[01:07:33] src/tree/updater_prune.cc:74: tree pruning end, 1 roots, 32 extra nodes, 0 pruned nodes, max_depth=5
[01:07:33] src/tree/updater_prune.cc:74: tree pruning end, 1 roots, 28 extra nodes, 0 pruned nodes, max_depth=5
[01:07:34] src/tree/updater_prune.cc:74: tree pruning end, 1 roots, 16 extra nodes, 0 pruned nodes, max_depth=4
[01:07:34] src/tree/updater_prune.cc:74: tree pruning end, 1 roots, 34 extra nodes, 0 pruned nodes, max_depth=5
[01:07:34] src/tree/updater_prune.cc:74: tree pruning end, 1 roots, 30 extra nodes, 0 pruned nodes, max_depth=5
[01:07:35] src/tree/updater_prune.cc:74: tree pruning end, 1 roots, 20 extra nodes, 0 pruned nodes, max_depth=5
[01:07:35] src/tree/updater_prune.cc:74: tree pruning end, 1 roots, 30 extra nodes, 0 pruned nodes, max_depth=5
[01:07:35] src/tree/updater_prune.cc:74: tree pruning end, 1 roots, 26 extra nodes, 0 pruned nodes, max_depth=5
[01:07:35] src/tree/updater_prune.cc:74: tree pruning end, 1 roots, 20 extra nodes, 0 pruned nodes, max_depth=5
[01:07:36] src/tree/updater_prune.cc:74: tree pruning end, 1 roots, 28 extra nodes, 0 pruned nodes, max_depth=5
[01:07:36] src/tree/updater_prune.cc:74: tree pruning end, 1 roots, 34 extra nodes, 0 pruned nodes, max_depth=5
[01:07:36] src/tree/updater_prune.cc:74: tree pruning end, 1 roots, 22 extra nodes, 0 pruned nodes, max_depth=5
[01:07:37] src/tree/updater_prune.cc:74: tree pruning end, 1 roots, 20 extra nodes, 0 pruned nodes, max_depth=5
[01:07:37] src/tree/updater_prune.cc:74: tree pruning end, 1 roots, 28 extra nodes, 0 pruned nodes, max_depth=5
[01:07:37] src/tree/updater_prune.cc:74: tree pruning end, 1 roots, 24 extra nodes, 0 pruned nodes, max_depth=5
[01:07:37] src/tree/updater_prune.cc:74: tree pruning end, 1 roots, 22 extra nodes, 0 pruned nodes, max_depth=5
[01:07:38] src/tree/updater_prune.cc:74: tree pruning end, 1 roots, 28 extra nodes, 0 pruned nodes, max_depth=5
[01:07:38] src/tree/updater_prune.cc:74: tree pruning end, 1 roots, 20 extra nodes, 0 pruned nodes, max_depth=5
[01:07:38] src/tree/updater_prune.cc:74: tree pruning end, 1 roots, 20 extra nodes, 0 pruned nodes, max_depth=5
[01:07:39] src/tree/updater_prune.cc:74: tree pruning end, 1 roots, 36 extra nodes, 0 pruned nodes, max_depth=5
[01:07:39] src/tree/updater_prune.cc:74: tree pruning end, 1 roots, 18 extra nodes, 0 pruned nodes, max_depth=5
[01:07:39] src/tree/updater_prune.cc:74: tree pruning end, 1 roots, 16 extra nodes, 0 pruned nodes, max_depth=5
[01:07:39] src/tree/updater_prune.cc:74: tree pruning end, 1 roots, 34 extra nodes, 0 pruned nodes, max_depth=5
[01:07:40] src/tree/updater_prune.cc:74: tree pruning end, 1 roots, 18 extra nodes, 0 pruned nodes, max_depth=5
[01:07:40] src/tree/updater_prune.cc:74: tree pruning end, 1 roots, 12 extra nodes, 0 pruned nodes, max_depth=5
[01:07:40] src/tree/updater_prune.cc:74: tree pruning end, 1 roots, 20 extra nodes, 0 pruned nodes, max_depth=5
[01:07:41] src/tree/updater_prune.cc:74: tree pruning end, 1 roots, 14 extra nodes, 0 pruned nodes, max_depth=5
[01:07:41] src/tree/updater_prune.cc:74: tree pruning end, 1 roots, 20 extra nodes, 0 pruned nodes, max_depth=5
[01:07:41] src/tree/updater_prune.cc:74: tree pruning end, 1 roots, 28 extra nodes, 0 pruned nodes, max_depth=5
Warning in <TCanvas::Constructor>: Deleting canvas with same name: can
Warning in <TROOT::Append>: Replacing existing TH1: truthHist (Potential memory leak).
Warning in <TROOT::Append>: Replacing existing TH1: predHist (Potential memory leak).
Warning in <TROOT::Append>: Replacing existing TH1: rightHist (Potential memory leak).
Warning in <TROOT::Append>: Replacing existing TH1: wrongHist (Potential memory leak).
SysError in <TFile::TFile>: file /vols/cms/es811/Stage1categorisation/trainTrees/new.root can not be opened (No such file or directory)
Warning in <TTree::SetCacheSizeAux>: A TTreeCache could not be created because the TTree has no file
[10:19:33] src/tree/updater_prune.cc:74: tree pruning end, 1 roots, 14 extra nodes, 0 pruned nodes, max_depth=4
[10:19:34] src/tree/updater_prune.cc:74: tree pruning end, 1 roots, 32 extra nodes, 0 pruned nodes, max_depth=5
[10:19:34] src/tree/updater_prune.cc:74: tree pruning end, 1 roots, 26 extra nodes, 0 pruned nodes, max_depth=5
[10:19:34] src/tree/updater_prune.cc:74: tree pruning end, 1 roots, 16 extra nodes, 0 pruned nodes, max_depth=4
[10:19:34] src/tree/updater_prune.cc:74: tree pruning end, 1 roots, 34 extra nodes, 0 pruned nodes, max_depth=5
[10:19:35] src/tree/updater_prune.cc:74: tree pruning end, 1 roots, 30 extra nodes, 0 pruned nodes, max_depth=5
[10:19:35] src/tree/updater_prune.cc:74: tree pruning end, 1 roots, 18 extra nodes, 0 pruned nodes, max_depth=5
[10:19:35] src/tree/updater_prune.cc:74: tree pruning end, 1 roots, 30 extra nodes, 0 pruned nodes, max_depth=5
[10:19:35] src/tree/updater_prune.cc:74: tree pruning end, 1 roots, 28 extra nodes, 0 pruned nodes, max_depth=5
[10:19:35] src/tree/updater_prune.cc:74: tree pruning end, 1 roots, 20 extra nodes, 0 pruned nodes, max_depth=5
[10:19:36] src/tree/updater_prune.cc:74: tree pruning end, 1 roots, 28 extra nodes, 0 pruned nodes, max_depth=5
[10:19:36] src/tree/updater_prune.cc:74: tree pruning end, 1 roots, 32 extra nodes, 0 pruned nodes, max_depth=5
[10:19:36] src/tree/updater_prune.cc:74: tree pruning end, 1 roots, 22 extra nodes, 0 pruned nodes, max_depth=5
[10:19:36] src/tree/updater_prune.cc:74: tree pruning end, 1 roots, 30 extra nodes, 0 pruned nodes, max_depth=5
[10:19:37] src/tree/updater_prune.cc:74: tree pruning end, 1 roots, 30 extra nodes, 0 pruned nodes, max_depth=5
[10:19:37] src/tree/updater_prune.cc:74: tree pruning end, 1 roots, 22 extra nodes, 0 pruned nodes, max_depth=5
[10:19:37] src/tree/updater_prune.cc:74: tree pruning end, 1 roots, 22 extra nodes, 0 pruned nodes, max_depth=5
[10:19:37] src/tree/updater_prune.cc:74: tree pruning end, 1 roots, 30 extra nodes, 0 pruned nodes, max_depth=5
[10:19:37] src/tree/updater_prune.cc:74: tree pruning end, 1 roots, 24 extra nodes, 0 pruned nodes, max_depth=5
[10:19:38] src/tree/updater_prune.cc:74: tree pruning end, 1 roots, 20 extra nodes, 0 pruned nodes, max_depth=5
[10:19:38] src/tree/updater_prune.cc:74: tree pruning end, 1 roots, 26 extra nodes, 0 pruned nodes, max_depth=5
[10:19:38] src/tree/updater_prune.cc:74: tree pruning end, 1 roots, 16 extra nodes, 0 pruned nodes, max_depth=5
[10:19:38] src/tree/updater_prune.cc:74: tree pruning end, 1 roots, 18 extra nodes, 0 pruned nodes, max_depth=5
[10:19:39] src/tree/updater_prune.cc:74: tree pruning end, 1 roots, 32 extra nodes, 0 pruned nodes, max_depth=5
[10:19:39] src/tree/updater_prune.cc:74: tree pruning end, 1 roots, 18 extra nodes, 0 pruned nodes, max_depth=5
[10:19:39] src/tree/updater_prune.cc:74: tree pruning end, 1 roots, 22 extra nodes, 0 pruned nodes, max_depth=5
[10:19:39] src/tree/updater_prune.cc:74: tree pruning end, 1 roots, 26 extra nodes, 0 pruned nodes, max_depth=5
[10:19:39] src/tree/updater_prune.cc:74: tree pruning end, 1 roots, 16 extra nodes, 0 pruned nodes, max_depth=5
[10:19:40] src/tree/updater_prune.cc:74: tree pruning end, 1 roots, 12 extra nodes, 0 pruned nodes, max_depth=5
[10:19:40] src/tree/updater_prune.cc:74: tree pruning end, 1 roots, 30 extra nodes, 0 pruned nodes, max_depth=5
Warning in <TCanvas::Constructor>: Deleting canvas with same name: can
Warning in <TROOT::Append>: Replacing existing TH1: truthHist (Potential memory leak).
Warning in <TROOT::Append>: Replacing existing TH1: predHist (Potential memory leak).
Warning in <TROOT::Append>: Replacing existing TH1: rightHist (Potential memory leak).
Warning in <TROOT::Append>: Replacing existing TH1: wrongHist (Potential memory leak).
SysError in <TFile::TFile>: file /vols/cms/es811/Stage1categorisation/trainTrees/new.root can not be opened (No such file or directory)
Warning in <TTree::SetCacheSizeAux>: A TTreeCache could not be created because the TTree has no file
[10:32:45] src/tree/updater_prune.cc:74: tree pruning end, 1 roots, 14 extra nodes, 0 pruned nodes, max_depth=4
[10:32:45] src/tree/updater_prune.cc:74: tree pruning end, 1 roots, 36 extra nodes, 0 pruned nodes, max_depth=6
[10:32:46] src/tree/updater_prune.cc:74: tree pruning end, 1 roots, 30 extra nodes, 0 pruned nodes, max_depth=6
[10:32:46] src/tree/updater_prune.cc:74: tree pruning end, 1 roots, 18 extra nodes, 0 pruned nodes, max_depth=5
[10:32:46] src/tree/updater_prune.cc:74: tree pruning end, 1 roots, 38 extra nodes, 0 pruned nodes, max_depth=6
[10:32:46] src/tree/updater_prune.cc:74: tree pruning end, 1 roots, 32 extra nodes, 0 pruned nodes, max_depth=6
[10:32:47] src/tree/updater_prune.cc:74: tree pruning end, 1 roots, 20 extra nodes, 0 pruned nodes, max_depth=5
[10:32:47] src/tree/updater_prune.cc:74: tree pruning end, 1 roots, 42 extra nodes, 0 pruned nodes, max_depth=6
[10:32:47] src/tree/updater_prune.cc:74: tree pruning end, 1 roots, 38 extra nodes, 0 pruned nodes, max_depth=6
[10:32:47] src/tree/updater_prune.cc:74: tree pruning end, 1 roots, 22 extra nodes, 0 pruned nodes, max_depth=5
[10:32:48] src/tree/updater_prune.cc:74: tree pruning end, 1 roots, 38 extra nodes, 0 pruned nodes, max_depth=6
[10:32:48] src/tree/updater_prune.cc:74: tree pruning end, 1 roots, 36 extra nodes, 0 pruned nodes, max_depth=6
[10:32:48] src/tree/updater_prune.cc:74: tree pruning end, 1 roots, 24 extra nodes, 0 pruned nodes, max_depth=6
[10:32:49] src/tree/updater_prune.cc:74: tree pruning end, 1 roots, 46 extra nodes, 0 pruned nodes, max_depth=6
[10:32:49] src/tree/updater_prune.cc:74: tree pruning end, 1 roots, 42 extra nodes, 0 pruned nodes, max_depth=6
[10:32:49] src/tree/updater_prune.cc:74: tree pruning end, 1 roots, 26 extra nodes, 0 pruned nodes, max_depth=6
[10:32:49] src/tree/updater_prune.cc:74: tree pruning end, 1 roots, 30 extra nodes, 0 pruned nodes, max_depth=6
[10:32:50] src/tree/updater_prune.cc:74: tree pruning end, 1 roots, 36 extra nodes, 0 pruned nodes, max_depth=6
[10:32:50] src/tree/updater_prune.cc:74: tree pruning end, 1 roots, 22 extra nodes, 0 pruned nodes, max_depth=6
[10:32:50] src/tree/updater_prune.cc:74: tree pruning end, 1 roots, 30 extra nodes, 0 pruned nodes, max_depth=6
[10:32:51] src/tree/updater_prune.cc:74: tree pruning end, 1 roots, 34 extra nodes, 0 pruned nodes, max_depth=6
[10:32:51] src/tree/updater_prune.cc:74: tree pruning end, 1 roots, 20 extra nodes, 0 pruned nodes, max_depth=6
[10:32:51] src/tree/updater_prune.cc:74: tree pruning end, 1 roots, 34 extra nodes, 0 pruned nodes, max_depth=6
[10:32:51] src/tree/updater_prune.cc:74: tree pruning end, 1 roots, 38 extra nodes, 0 pruned nodes, max_depth=6
[10:32:52] src/tree/updater_prune.cc:74: tree pruning end, 1 roots, 18 extra nodes, 0 pruned nodes, max_depth=6
[10:32:52] src/tree/updater_prune.cc:74: tree pruning end, 1 roots, 22 extra nodes, 0 pruned nodes, max_depth=6
[10:32:52] src/tree/updater_prune.cc:74: tree pruning end, 1 roots, 30 extra nodes, 0 pruned nodes, max_depth=6
[10:32:53] src/tree/updater_prune.cc:74: tree pruning end, 1 roots, 18 extra nodes, 0 pruned nodes, max_depth=6
[10:32:53] src/tree/updater_prune.cc:74: tree pruning end, 1 roots, 18 extra nodes, 0 pruned nodes, max_depth=6
[10:32:53] src/tree/updater_prune.cc:74: tree pruning end, 1 roots, 42 extra nodes, 0 pruned nodes, max_depth=6
Warning in <TCanvas::Constructor>: Deleting canvas with same name: can
Warning in <TROOT::Append>: Replacing existing TH1: truthHist (Potential memory leak).
Warning in <TROOT::Append>: Replacing existing TH1: predHist (Potential memory leak).
Warning in <TROOT::Append>: Replacing existing TH1: rightHist (Potential memory leak).
Warning in <TROOT::Append>: Replacing existing TH1: wrongHist (Potential memory leak).
