SysError in <TFile::TFile>: file /vols/cms/es811/Stage1categorisation/trainTrees/new.root can not be opened (No such file or directory)
Warning in <TTree::SetCacheSizeAux>: A TTreeCache could not be created because the TTree has no file
[10:45:43] src/tree/updater_prune.cc:74: tree pruning end, 1 roots, 14 extra nodes, 0 pruned nodes, max_depth=4
[10:45:44] src/tree/updater_prune.cc:74: tree pruning end, 1 roots, 38 extra nodes, 0 pruned nodes, max_depth=6
[10:45:44] src/tree/updater_prune.cc:74: tree pruning end, 1 roots, 30 extra nodes, 0 pruned nodes, max_depth=6
[10:45:44] src/tree/updater_prune.cc:74: tree pruning end, 1 roots, 16 extra nodes, 0 pruned nodes, max_depth=4
[10:45:45] src/tree/updater_prune.cc:74: tree pruning end, 1 roots, 42 extra nodes, 0 pruned nodes, max_depth=6
[10:45:45] src/tree/updater_prune.cc:74: tree pruning end, 1 roots, 34 extra nodes, 0 pruned nodes, max_depth=6
[10:45:45] src/tree/updater_prune.cc:74: tree pruning end, 1 roots, 18 extra nodes, 0 pruned nodes, max_depth=5
[10:45:46] src/tree/updater_prune.cc:74: tree pruning end, 1 roots, 40 extra nodes, 0 pruned nodes, max_depth=6
[10:45:46] src/tree/updater_prune.cc:74: tree pruning end, 1 roots, 40 extra nodes, 0 pruned nodes, max_depth=9
[10:45:46] src/tree/updater_prune.cc:74: tree pruning end, 1 roots, 20 extra nodes, 0 pruned nodes, max_depth=4
[10:45:47] src/tree/updater_prune.cc:74: tree pruning end, 1 roots, 54 extra nodes, 0 pruned nodes, max_depth=8
[10:45:47] src/tree/updater_prune.cc:74: tree pruning end, 1 roots, 46 extra nodes, 0 pruned nodes, max_depth=8
[10:45:48] src/tree/updater_prune.cc:74: tree pruning end, 1 roots, 20 extra nodes, 0 pruned nodes, max_depth=5
[10:45:48] src/tree/updater_prune.cc:74: tree pruning end, 1 roots, 54 extra nodes, 0 pruned nodes, max_depth=8
[10:45:48] src/tree/updater_prune.cc:74: tree pruning end, 1 roots, 44 extra nodes, 0 pruned nodes, max_depth=7
[10:45:49] src/tree/updater_prune.cc:74: tree pruning end, 1 roots, 22 extra nodes, 0 pruned nodes, max_depth=6
[10:45:49] src/tree/updater_prune.cc:74: tree pruning end, 1 roots, 56 extra nodes, 0 pruned nodes, max_depth=8
[10:45:50] src/tree/updater_prune.cc:74: tree pruning end, 1 roots, 40 extra nodes, 0 pruned nodes, max_depth=8
[10:45:50] src/tree/updater_prune.cc:74: tree pruning end, 1 roots, 24 extra nodes, 0 pruned nodes, max_depth=7
[10:45:50] src/tree/updater_prune.cc:74: tree pruning end, 1 roots, 50 extra nodes, 0 pruned nodes, max_depth=8
[10:45:51] src/tree/updater_prune.cc:74: tree pruning end, 1 roots, 46 extra nodes, 0 pruned nodes, max_depth=10
[10:45:51] src/tree/updater_prune.cc:74: tree pruning end, 1 roots, 26 extra nodes, 0 pruned nodes, max_depth=7
[10:45:52] src/tree/updater_prune.cc:74: tree pruning end, 1 roots, 56 extra nodes, 0 pruned nodes, max_depth=10
[10:45:52] src/tree/updater_prune.cc:74: tree pruning end, 1 roots, 48 extra nodes, 0 pruned nodes, max_depth=8
[10:45:53] src/tree/updater_prune.cc:74: tree pruning end, 1 roots, 34 extra nodes, 0 pruned nodes, max_depth=11
[10:45:53] src/tree/updater_prune.cc:74: tree pruning end, 1 roots, 58 extra nodes, 0 pruned nodes, max_depth=10
[10:45:54] src/tree/updater_prune.cc:74: tree pruning end, 1 roots, 52 extra nodes, 0 pruned nodes, max_depth=8
[10:45:54] src/tree/updater_prune.cc:74: tree pruning end, 1 roots, 38 extra nodes, 0 pruned nodes, max_depth=11
[10:45:55] src/tree/updater_prune.cc:74: tree pruning end, 1 roots, 64 extra nodes, 0 pruned nodes, max_depth=11
[10:45:55] src/tree/updater_prune.cc:74: tree pruning end, 1 roots, 50 extra nodes, 0 pruned nodes, max_depth=8
Warning in <TCanvas::Constructor>: Deleting canvas with same name: can
Warning in <TROOT::Append>: Replacing existing TH1: truthHist (Potential memory leak).
Warning in <TROOT::Append>: Replacing existing TH1: predHist (Potential memory leak).
Warning in <TROOT::Append>: Replacing existing TH1: rightHist (Potential memory leak).
Warning in <TROOT::Append>: Replacing existing TH1: wrongHist (Potential memory leak).
SysError in <TFile::TFile>: file /vols/cms/es811/Stage1categorisation/trainTrees/new.root can not be opened (No such file or directory)
Warning in <TTree::SetCacheSizeAux>: A TTreeCache could not be created because the TTree has no file
[11:31:29] src/tree/updater_prune.cc:74: tree pruning end, 1 roots, 14 extra nodes, 0 pruned nodes, max_depth=4
[11:31:30] src/tree/updater_prune.cc:74: tree pruning end, 1 roots, 40 extra nodes, 0 pruned nodes, max_depth=6
[11:31:30] src/tree/updater_prune.cc:74: tree pruning end, 1 roots, 32 extra nodes, 0 pruned nodes, max_depth=6
[11:31:30] src/tree/updater_prune.cc:74: tree pruning end, 1 roots, 16 extra nodes, 0 pruned nodes, max_depth=4
[11:31:30] src/tree/updater_prune.cc:74: tree pruning end, 1 roots, 40 extra nodes, 0 pruned nodes, max_depth=6
[11:31:31] src/tree/updater_prune.cc:74: tree pruning end, 1 roots, 40 extra nodes, 0 pruned nodes, max_depth=9
[11:31:31] src/tree/updater_prune.cc:74: tree pruning end, 1 roots, 14 extra nodes, 0 pruned nodes, max_depth=4
[11:31:31] src/tree/updater_prune.cc:74: tree pruning end, 1 roots, 46 extra nodes, 0 pruned nodes, max_depth=7
[11:31:32] src/tree/updater_prune.cc:74: tree pruning end, 1 roots, 38 extra nodes, 0 pruned nodes, max_depth=7
[11:31:32] src/tree/updater_prune.cc:74: tree pruning end, 1 roots, 16 extra nodes, 0 pruned nodes, max_depth=4
[11:31:32] src/tree/updater_prune.cc:74: tree pruning end, 1 roots, 52 extra nodes, 0 pruned nodes, max_depth=8
[11:31:33] src/tree/updater_prune.cc:74: tree pruning end, 1 roots, 44 extra nodes, 0 pruned nodes, max_depth=7
[11:31:33] src/tree/updater_prune.cc:74: tree pruning end, 1 roots, 22 extra nodes, 0 pruned nodes, max_depth=5
[11:31:33] src/tree/updater_prune.cc:74: tree pruning end, 1 roots, 58 extra nodes, 0 pruned nodes, max_depth=9
[11:31:34] src/tree/updater_prune.cc:74: tree pruning end, 1 roots, 40 extra nodes, 0 pruned nodes, max_depth=9
[11:31:34] src/tree/updater_prune.cc:74: tree pruning end, 1 roots, 24 extra nodes, 0 pruned nodes, max_depth=7
[11:31:34] src/tree/updater_prune.cc:74: tree pruning end, 1 roots, 60 extra nodes, 0 pruned nodes, max_depth=9
[11:31:35] src/tree/updater_prune.cc:74: tree pruning end, 1 roots, 44 extra nodes, 0 pruned nodes, max_depth=8
[11:31:35] src/tree/updater_prune.cc:74: tree pruning end, 1 roots, 22 extra nodes, 0 pruned nodes, max_depth=6
[11:31:36] src/tree/updater_prune.cc:74: tree pruning end, 1 roots, 52 extra nodes, 0 pruned nodes, max_depth=10
[11:31:36] src/tree/updater_prune.cc:74: tree pruning end, 1 roots, 42 extra nodes, 0 pruned nodes, max_depth=8
[11:31:36] src/tree/updater_prune.cc:74: tree pruning end, 1 roots, 26 extra nodes, 0 pruned nodes, max_depth=8
[11:31:37] src/tree/updater_prune.cc:74: tree pruning end, 1 roots, 70 extra nodes, 0 pruned nodes, max_depth=10
[11:31:37] src/tree/updater_prune.cc:74: tree pruning end, 1 roots, 58 extra nodes, 0 pruned nodes, max_depth=9
[11:31:37] src/tree/updater_prune.cc:74: tree pruning end, 1 roots, 28 extra nodes, 0 pruned nodes, max_depth=9
[11:31:38] src/tree/updater_prune.cc:74: tree pruning end, 1 roots, 60 extra nodes, 0 pruned nodes, max_depth=11
[11:31:38] src/tree/updater_prune.cc:74: tree pruning end, 1 roots, 46 extra nodes, 0 pruned nodes, max_depth=8
[11:31:39] src/tree/updater_prune.cc:74: tree pruning end, 1 roots, 34 extra nodes, 0 pruned nodes, max_depth=10
[11:31:39] src/tree/updater_prune.cc:74: tree pruning end, 1 roots, 58 extra nodes, 0 pruned nodes, max_depth=11
[11:31:40] src/tree/updater_prune.cc:74: tree pruning end, 1 roots, 50 extra nodes, 0 pruned nodes, max_depth=9
Warning in <TCanvas::Constructor>: Deleting canvas with same name: can
Warning in <TROOT::Append>: Replacing existing TH1: truthHist (Potential memory leak).
Warning in <TROOT::Append>: Replacing existing TH1: predHist (Potential memory leak).
Warning in <TROOT::Append>: Replacing existing TH1: rightHist (Potential memory leak).
Warning in <TROOT::Append>: Replacing existing TH1: wrongHist (Potential memory leak).
