[13:42:55] Tree method is automatically selected to be 'approx' for faster speed. to use old behavior(exact greedy algorithm on single machine), set tree_method to 'exact'
[13:43:05] src/tree/updater_prune.cc:74: tree pruning end, 1 roots, 48 extra nodes, 0 pruned nodes, max_depth=8
[13:43:12] src/tree/updater_prune.cc:74: tree pruning end, 1 roots, 130 extra nodes, 0 pruned nodes, max_depth=8
[13:43:19] src/tree/updater_prune.cc:74: tree pruning end, 1 roots, 186 extra nodes, 0 pruned nodes, max_depth=8
[13:43:26] src/tree/updater_prune.cc:74: tree pruning end, 1 roots, 264 extra nodes, 0 pruned nodes, max_depth=8
[13:43:32] src/tree/updater_prune.cc:74: tree pruning end, 1 roots, 262 extra nodes, 0 pruned nodes, max_depth=8
[13:43:39] src/tree/updater_prune.cc:74: tree pruning end, 1 roots, 246 extra nodes, 0 pruned nodes, max_depth=8
[13:43:46] src/tree/updater_prune.cc:74: tree pruning end, 1 roots, 262 extra nodes, 0 pruned nodes, max_depth=8
[13:43:53] src/tree/updater_prune.cc:74: tree pruning end, 1 roots, 288 extra nodes, 0 pruned nodes, max_depth=8
[13:44:00] src/tree/updater_prune.cc:74: tree pruning end, 1 roots, 344 extra nodes, 0 pruned nodes, max_depth=8
[13:44:07] src/tree/updater_prune.cc:74: tree pruning end, 1 roots, 346 extra nodes, 0 pruned nodes, max_depth=8
[13:44:08] Tree method is automatically selected to be 'approx' for faster speed. to use old behavior(exact greedy algorithm on single machine), set tree_method to 'exact'
[13:44:19] src/tree/updater_prune.cc:74: tree pruning end, 1 roots, 510 extra nodes, 0 pruned nodes, max_depth=8
[13:44:25] src/tree/updater_prune.cc:74: tree pruning end, 1 roots, 510 extra nodes, 0 pruned nodes, max_depth=8
[13:44:32] src/tree/updater_prune.cc:74: tree pruning end, 1 roots, 508 extra nodes, 0 pruned nodes, max_depth=8
[13:44:39] src/tree/updater_prune.cc:74: tree pruning end, 1 roots, 510 extra nodes, 0 pruned nodes, max_depth=8
[13:44:46] src/tree/updater_prune.cc:74: tree pruning end, 1 roots, 470 extra nodes, 0 pruned nodes, max_depth=8
[13:44:52] src/tree/updater_prune.cc:74: tree pruning end, 1 roots, 494 extra nodes, 0 pruned nodes, max_depth=8
[13:44:59] src/tree/updater_prune.cc:74: tree pruning end, 1 roots, 454 extra nodes, 0 pruned nodes, max_depth=8
[13:45:05] src/tree/updater_prune.cc:74: tree pruning end, 1 roots, 442 extra nodes, 0 pruned nodes, max_depth=8
[13:45:12] src/tree/updater_prune.cc:74: tree pruning end, 1 roots, 460 extra nodes, 0 pruned nodes, max_depth=8
[13:45:18] src/tree/updater_prune.cc:74: tree pruning end, 1 roots, 476 extra nodes, 0 pruned nodes, max_depth=8
Plotting not working for now so exit
[10:33:26] Tree method is automatically selected to be 'approx' for faster speed. to use old behavior(exact greedy algorithm on single machine), set tree_method to 'exact'
[10:33:35] src/tree/updater_prune.cc:74: tree pruning end, 1 roots, 32 extra nodes, 0 pruned nodes, max_depth=8
[10:33:41] src/tree/updater_prune.cc:74: tree pruning end, 1 roots, 80 extra nodes, 0 pruned nodes, max_depth=8
[10:33:48] src/tree/updater_prune.cc:74: tree pruning end, 1 roots, 174 extra nodes, 0 pruned nodes, max_depth=8
[10:33:54] src/tree/updater_prune.cc:74: tree pruning end, 1 roots, 198 extra nodes, 0 pruned nodes, max_depth=8
[10:34:00] src/tree/updater_prune.cc:74: tree pruning end, 1 roots, 218 extra nodes, 0 pruned nodes, max_depth=8
[10:34:07] src/tree/updater_prune.cc:74: tree pruning end, 1 roots, 202 extra nodes, 0 pruned nodes, max_depth=8
[10:34:13] src/tree/updater_prune.cc:74: tree pruning end, 1 roots, 248 extra nodes, 0 pruned nodes, max_depth=8
[10:34:20] src/tree/updater_prune.cc:74: tree pruning end, 1 roots, 272 extra nodes, 0 pruned nodes, max_depth=8
[10:34:26] src/tree/updater_prune.cc:74: tree pruning end, 1 roots, 274 extra nodes, 0 pruned nodes, max_depth=8
[10:34:33] src/tree/updater_prune.cc:74: tree pruning end, 1 roots, 288 extra nodes, 0 pruned nodes, max_depth=8
[10:34:34] Tree method is automatically selected to be 'approx' for faster speed. to use old behavior(exact greedy algorithm on single machine), set tree_method to 'exact'
[10:34:44] src/tree/updater_prune.cc:74: tree pruning end, 1 roots, 508 extra nodes, 0 pruned nodes, max_depth=8
[10:34:52] src/tree/updater_prune.cc:74: tree pruning end, 1 roots, 504 extra nodes, 0 pruned nodes, max_depth=8
[10:35:00] src/tree/updater_prune.cc:74: tree pruning end, 1 roots, 504 extra nodes, 0 pruned nodes, max_depth=8
[10:35:06] src/tree/updater_prune.cc:74: tree pruning end, 1 roots, 504 extra nodes, 0 pruned nodes, max_depth=8
[10:35:13] src/tree/updater_prune.cc:74: tree pruning end, 1 roots, 462 extra nodes, 0 pruned nodes, max_depth=8
[10:35:20] src/tree/updater_prune.cc:74: tree pruning end, 1 roots, 486 extra nodes, 0 pruned nodes, max_depth=8
[10:35:26] src/tree/updater_prune.cc:74: tree pruning end, 1 roots, 444 extra nodes, 0 pruned nodes, max_depth=8
[10:35:33] src/tree/updater_prune.cc:74: tree pruning end, 1 roots, 422 extra nodes, 0 pruned nodes, max_depth=8
[10:35:39] src/tree/updater_prune.cc:74: tree pruning end, 1 roots, 474 extra nodes, 0 pruned nodes, max_depth=8
[10:35:45] src/tree/updater_prune.cc:74: tree pruning end, 1 roots, 444 extra nodes, 0 pruned nodes, max_depth=8
Traceback (most recent call last):
  File "diphotonCategorisation.py", line 250, in <module>
    plt.figure(1)
  File "/cvmfs/cms.cern.ch/slc6_amd64_gcc700/external/py2-matplotlib/1.5.2-gnimlf2/lib/python2.7/site-packages/matplotlib/pyplot.py", line 527, in figure
    **kwargs)
  File "/cvmfs/cms.cern.ch/slc6_amd64_gcc700/external/py2-matplotlib/1.5.2-gnimlf2/lib/python2.7/site-packages/matplotlib/backends/backend_tkagg.py", line 84, in new_figure_manager
    return new_figure_manager_given_figure(num, figure)
  File "/cvmfs/cms.cern.ch/slc6_amd64_gcc700/external/py2-matplotlib/1.5.2-gnimlf2/lib/python2.7/site-packages/matplotlib/backends/backend_tkagg.py", line 92, in new_figure_manager_given_figure
    window = Tk.Tk()
  File "/cvmfs/cms.cern.ch/slc6_amd64_gcc700/external/python/2.7.14-omkpbe4/lib/python2.7/lib-tk/Tkinter.py", line 1819, in __init__
    self.tk = _tkinter.create(screenName, baseName, className, interactive, wantobjects, useTk, sync, use)
_tkinter.TclError: no display name and no $DISPLAY environment variable
