[16:13:21] Tree method is automatically selected to be 'approx' for faster speed. to use old behavior(exact greedy algorithm on single machine), set tree_method to 'exact'
[16:13:30] src/tree/updater_prune.cc:74: tree pruning end, 1 roots, 36 extra nodes, 0 pruned nodes, max_depth=8
[16:13:36] src/tree/updater_prune.cc:74: tree pruning end, 1 roots, 36 extra nodes, 0 pruned nodes, max_depth=8
[16:13:41] src/tree/updater_prune.cc:74: tree pruning end, 1 roots, 36 extra nodes, 0 pruned nodes, max_depth=8
[16:13:47] src/tree/updater_prune.cc:74: tree pruning end, 1 roots, 36 extra nodes, 0 pruned nodes, max_depth=8
[16:13:52] src/tree/updater_prune.cc:74: tree pruning end, 1 roots, 36 extra nodes, 0 pruned nodes, max_depth=8
[16:13:58] src/tree/updater_prune.cc:74: tree pruning end, 1 roots, 36 extra nodes, 0 pruned nodes, max_depth=8
[16:14:03] src/tree/updater_prune.cc:74: tree pruning end, 1 roots, 36 extra nodes, 0 pruned nodes, max_depth=8
[16:14:08] src/tree/updater_prune.cc:74: tree pruning end, 1 roots, 36 extra nodes, 0 pruned nodes, max_depth=8
[16:14:14] src/tree/updater_prune.cc:74: tree pruning end, 1 roots, 36 extra nodes, 0 pruned nodes, max_depth=8
[16:14:19] src/tree/updater_prune.cc:74: tree pruning end, 1 roots, 36 extra nodes, 0 pruned nodes, max_depth=8
[16:14:20] Tree method is automatically selected to be 'approx' for faster speed. to use old behavior(exact greedy algorithm on single machine), set tree_method to 'exact'
[16:14:30] src/tree/updater_prune.cc:74: tree pruning end, 1 roots, 510 extra nodes, 0 pruned nodes, max_depth=8
[16:14:37] src/tree/updater_prune.cc:74: tree pruning end, 1 roots, 510 extra nodes, 0 pruned nodes, max_depth=8
[16:14:43] src/tree/updater_prune.cc:74: tree pruning end, 1 roots, 510 extra nodes, 0 pruned nodes, max_depth=8
[16:14:50] src/tree/updater_prune.cc:74: tree pruning end, 1 roots, 510 extra nodes, 0 pruned nodes, max_depth=8
[16:14:56] src/tree/updater_prune.cc:74: tree pruning end, 1 roots, 510 extra nodes, 0 pruned nodes, max_depth=8
[16:15:03] src/tree/updater_prune.cc:74: tree pruning end, 1 roots, 510 extra nodes, 0 pruned nodes, max_depth=8
[16:15:09] src/tree/updater_prune.cc:74: tree pruning end, 1 roots, 510 extra nodes, 0 pruned nodes, max_depth=8
[16:15:15] src/tree/updater_prune.cc:74: tree pruning end, 1 roots, 510 extra nodes, 0 pruned nodes, max_depth=8
[16:15:22] src/tree/updater_prune.cc:74: tree pruning end, 1 roots, 510 extra nodes, 0 pruned nodes, max_depth=8
[16:15:28] src/tree/updater_prune.cc:74: tree pruning end, 1 roots, 510 extra nodes, 0 pruned nodes, max_depth=8
Plotting not working for now so exit
/opt/sge/default/spool/lxb00/job_scripts/4730233: line 26: echo: write error: Stale file handle
/opt/sge/default/spool/lxb00/job_scripts/4730233: line 28: cd: write error: Stale file handle
