[10:46:58] Tree method is automatically selected to be 'approx' for faster speed. to use old behavior(exact greedy algorithm on single machine), set tree_method to 'exact'
[10:47:09] src/tree/updater_prune.cc:74: tree pruning end, 1 roots, 34 extra nodes, 0 pruned nodes, max_depth=8
[10:47:16] src/tree/updater_prune.cc:74: tree pruning end, 1 roots, 78 extra nodes, 0 pruned nodes, max_depth=8
[10:47:23] src/tree/updater_prune.cc:74: tree pruning end, 1 roots, 148 extra nodes, 0 pruned nodes, max_depth=8
[10:47:31] src/tree/updater_prune.cc:74: tree pruning end, 1 roots, 214 extra nodes, 0 pruned nodes, max_depth=8
[10:47:38] src/tree/updater_prune.cc:74: tree pruning end, 1 roots, 232 extra nodes, 0 pruned nodes, max_depth=8
[10:47:46] src/tree/updater_prune.cc:74: tree pruning end, 1 roots, 208 extra nodes, 0 pruned nodes, max_depth=8
[10:47:54] src/tree/updater_prune.cc:74: tree pruning end, 1 roots, 242 extra nodes, 0 pruned nodes, max_depth=8
[10:48:02] src/tree/updater_prune.cc:74: tree pruning end, 1 roots, 272 extra nodes, 0 pruned nodes, max_depth=8
[10:48:10] src/tree/updater_prune.cc:74: tree pruning end, 1 roots, 312 extra nodes, 0 pruned nodes, max_depth=8
[10:48:18] src/tree/updater_prune.cc:74: tree pruning end, 1 roots, 310 extra nodes, 0 pruned nodes, max_depth=8
[10:48:19] Tree method is automatically selected to be 'approx' for faster speed. to use old behavior(exact greedy algorithm on single machine), set tree_method to 'exact'
[10:48:33] src/tree/updater_prune.cc:74: tree pruning end, 1 roots, 510 extra nodes, 0 pruned nodes, max_depth=8
[10:48:41] src/tree/updater_prune.cc:74: tree pruning end, 1 roots, 508 extra nodes, 0 pruned nodes, max_depth=8
[10:48:50] src/tree/updater_prune.cc:74: tree pruning end, 1 roots, 508 extra nodes, 0 pruned nodes, max_depth=8
[10:48:59] src/tree/updater_prune.cc:74: tree pruning end, 1 roots, 510 extra nodes, 0 pruned nodes, max_depth=8
[10:49:07] src/tree/updater_prune.cc:74: tree pruning end, 1 roots, 478 extra nodes, 0 pruned nodes, max_depth=8
[10:49:16] src/tree/updater_prune.cc:74: tree pruning end, 1 roots, 476 extra nodes, 0 pruned nodes, max_depth=8
[10:49:24] src/tree/updater_prune.cc:74: tree pruning end, 1 roots, 484 extra nodes, 0 pruned nodes, max_depth=8
[10:49:32] src/tree/updater_prune.cc:74: tree pruning end, 1 roots, 476 extra nodes, 0 pruned nodes, max_depth=8
[10:49:41] src/tree/updater_prune.cc:74: tree pruning end, 1 roots, 426 extra nodes, 0 pruned nodes, max_depth=8
[10:49:49] src/tree/updater_prune.cc:74: tree pruning end, 1 roots, 474 extra nodes, 0 pruned nodes, max_depth=8
Traceback (most recent call last):
  File "diphotonCategorisation.py", line 251, in <module>
    plt.plot(bkgEff, sigEff)
  File "/cvmfs/cms.cern.ch/slc6_amd64_gcc700/external/py2-matplotlib/1.5.2-gnimlf2/lib/python2.7/site-packages/matplotlib/pyplot.py", line 3146, in plot
    ax = gca()
  File "/cvmfs/cms.cern.ch/slc6_amd64_gcc700/external/py2-matplotlib/1.5.2-gnimlf2/lib/python2.7/site-packages/matplotlib/pyplot.py", line 928, in gca
    return gcf().gca(**kwargs)
  File "/cvmfs/cms.cern.ch/slc6_amd64_gcc700/external/py2-matplotlib/1.5.2-gnimlf2/lib/python2.7/site-packages/matplotlib/pyplot.py", line 578, in gcf
    return figure()
  File "/cvmfs/cms.cern.ch/slc6_amd64_gcc700/external/py2-matplotlib/1.5.2-gnimlf2/lib/python2.7/site-packages/matplotlib/pyplot.py", line 527, in figure
    **kwargs)
  File "/cvmfs/cms.cern.ch/slc6_amd64_gcc700/external/py2-matplotlib/1.5.2-gnimlf2/lib/python2.7/site-packages/matplotlib/backends/backend_tkagg.py", line 84, in new_figure_manager
    return new_figure_manager_given_figure(num, figure)
  File "/cvmfs/cms.cern.ch/slc6_amd64_gcc700/external/py2-matplotlib/1.5.2-gnimlf2/lib/python2.7/site-packages/matplotlib/backends/backend_tkagg.py", line 92, in new_figure_manager_given_figure
    window = Tk.Tk()
  File "/cvmfs/cms.cern.ch/slc6_amd64_gcc700/external/python/2.7.14-omkpbe4/lib/python2.7/lib-tk/Tkinter.py", line 1819, in __init__
    self.tk = _tkinter.create(screenName, baseName, className, interactive, wantobjects, useTk, sync, use)
_tkinter.TclError: no display name and no $DISPLAY environment variable
[10:58:50] Tree method is automatically selected to be 'approx' for faster speed. to use old behavior(exact greedy algorithm on single machine), set tree_method to 'exact'
[10:58:59] src/tree/updater_prune.cc:74: tree pruning end, 1 roots, 30 extra nodes, 0 pruned nodes, max_depth=6
[10:59:05] src/tree/updater_prune.cc:74: tree pruning end, 1 roots, 96 extra nodes, 0 pruned nodes, max_depth=8
[10:59:12] src/tree/updater_prune.cc:74: tree pruning end, 1 roots, 148 extra nodes, 0 pruned nodes, max_depth=8
[10:59:20] src/tree/updater_prune.cc:74: tree pruning end, 1 roots, 214 extra nodes, 0 pruned nodes, max_depth=8
[10:59:27] src/tree/updater_prune.cc:74: tree pruning end, 1 roots, 234 extra nodes, 0 pruned nodes, max_depth=8
[10:59:34] src/tree/updater_prune.cc:74: tree pruning end, 1 roots, 216 extra nodes, 0 pruned nodes, max_depth=8
[10:59:42] src/tree/updater_prune.cc:74: tree pruning end, 1 roots, 256 extra nodes, 0 pruned nodes, max_depth=8
[10:59:49] src/tree/updater_prune.cc:74: tree pruning end, 1 roots, 256 extra nodes, 0 pruned nodes, max_depth=8
[10:59:56] src/tree/updater_prune.cc:74: tree pruning end, 1 roots, 304 extra nodes, 0 pruned nodes, max_depth=8
[11:00:04] src/tree/updater_prune.cc:74: tree pruning end, 1 roots, 302 extra nodes, 0 pruned nodes, max_depth=8
[11:00:05] Tree method is automatically selected to be 'approx' for faster speed. to use old behavior(exact greedy algorithm on single machine), set tree_method to 'exact'
[11:00:16] src/tree/updater_prune.cc:74: tree pruning end, 1 roots, 508 extra nodes, 0 pruned nodes, max_depth=8
[11:00:24] src/tree/updater_prune.cc:74: tree pruning end, 1 roots, 510 extra nodes, 0 pruned nodes, max_depth=8
[11:00:32] src/tree/updater_prune.cc:74: tree pruning end, 1 roots, 500 extra nodes, 0 pruned nodes, max_depth=8
[11:00:39] src/tree/updater_prune.cc:74: tree pruning end, 1 roots, 502 extra nodes, 0 pruned nodes, max_depth=8
[11:00:47] src/tree/updater_prune.cc:74: tree pruning end, 1 roots, 490 extra nodes, 0 pruned nodes, max_depth=8
[11:00:55] src/tree/updater_prune.cc:74: tree pruning end, 1 roots, 474 extra nodes, 0 pruned nodes, max_depth=8
[11:01:02] src/tree/updater_prune.cc:74: tree pruning end, 1 roots, 456 extra nodes, 0 pruned nodes, max_depth=8
[11:01:10] src/tree/updater_prune.cc:74: tree pruning end, 1 roots, 492 extra nodes, 0 pruned nodes, max_depth=8
[11:01:18] src/tree/updater_prune.cc:74: tree pruning end, 1 roots, 496 extra nodes, 0 pruned nodes, max_depth=8
[11:01:27] src/tree/updater_prune.cc:74: tree pruning end, 1 roots, 458 extra nodes, 0 pruned nodes, max_depth=8
Traceback (most recent call last):
  File "diphotonCategorisation.py", line 257, in <module>
    plt.savefig('%s/diphoROC.pdf'%plotDir)
  File "/cvmfs/cms.cern.ch/slc6_amd64_gcc700/external/py2-matplotlib/1.5.2-gnimlf2/lib/python2.7/site-packages/matplotlib/pyplot.py", line 688, in savefig
    res = fig.savefig(*args, **kwargs)
  File "/cvmfs/cms.cern.ch/slc6_amd64_gcc700/external/py2-matplotlib/1.5.2-gnimlf2/lib/python2.7/site-packages/matplotlib/figure.py", line 1563, in savefig
    self.canvas.print_figure(*args, **kwargs)
  File "/cvmfs/cms.cern.ch/slc6_amd64_gcc700/external/py2-matplotlib/1.5.2-gnimlf2/lib/python2.7/site-packages/matplotlib/backend_bases.py", line 2232, in print_figure
    **kwargs)
  File "/cvmfs/cms.cern.ch/slc6_amd64_gcc700/external/py2-matplotlib/1.5.2-gnimlf2/lib/python2.7/site-packages/matplotlib/backends/backend_pdf.py", line 2528, in print_pdf
    file = PdfFile(filename)
  File "/cvmfs/cms.cern.ch/slc6_amd64_gcc700/external/py2-matplotlib/1.5.2-gnimlf2/lib/python2.7/site-packages/matplotlib/backends/backend_pdf.py", line 422, in __init__
    fh = open(filename, 'wb')
IOError: [Errno 2] No such file or directory: '/home/hep/jg4814/CMSSW_10_2_0/2016/plots/diphoROC.pdf'
[11:09:48] Tree method is automatically selected to be 'approx' for faster speed. to use old behavior(exact greedy algorithm on single machine), set tree_method to 'exact'
[11:09:59] src/tree/updater_prune.cc:74: tree pruning end, 1 roots, 28 extra nodes, 0 pruned nodes, max_depth=7
[11:10:05] src/tree/updater_prune.cc:74: tree pruning end, 1 roots, 76 extra nodes, 0 pruned nodes, max_depth=8
[11:10:12] src/tree/updater_prune.cc:74: tree pruning end, 1 roots, 142 extra nodes, 0 pruned nodes, max_depth=8
[11:10:19] src/tree/updater_prune.cc:74: tree pruning end, 1 roots, 202 extra nodes, 0 pruned nodes, max_depth=8
[11:10:26] src/tree/updater_prune.cc:74: tree pruning end, 1 roots, 220 extra nodes, 0 pruned nodes, max_depth=8
[11:10:33] src/tree/updater_prune.cc:74: tree pruning end, 1 roots, 222 extra nodes, 0 pruned nodes, max_depth=8
[11:10:40] src/tree/updater_prune.cc:74: tree pruning end, 1 roots, 250 extra nodes, 0 pruned nodes, max_depth=8
[11:10:47] src/tree/updater_prune.cc:74: tree pruning end, 1 roots, 262 extra nodes, 0 pruned nodes, max_depth=8
[11:10:54] src/tree/updater_prune.cc:74: tree pruning end, 1 roots, 270 extra nodes, 0 pruned nodes, max_depth=8
[11:11:01] src/tree/updater_prune.cc:74: tree pruning end, 1 roots, 304 extra nodes, 0 pruned nodes, max_depth=8
[11:11:02] Tree method is automatically selected to be 'approx' for faster speed. to use old behavior(exact greedy algorithm on single machine), set tree_method to 'exact'
[11:11:12] src/tree/updater_prune.cc:74: tree pruning end, 1 roots, 510 extra nodes, 0 pruned nodes, max_depth=8
[11:11:19] src/tree/updater_prune.cc:74: tree pruning end, 1 roots, 504 extra nodes, 0 pruned nodes, max_depth=8
[11:11:26] src/tree/updater_prune.cc:74: tree pruning end, 1 roots, 508 extra nodes, 0 pruned nodes, max_depth=8
[11:11:32] src/tree/updater_prune.cc:74: tree pruning end, 1 roots, 506 extra nodes, 0 pruned nodes, max_depth=8
[11:11:39] src/tree/updater_prune.cc:74: tree pruning end, 1 roots, 492 extra nodes, 0 pruned nodes, max_depth=8
[11:11:45] src/tree/updater_prune.cc:74: tree pruning end, 1 roots, 480 extra nodes, 0 pruned nodes, max_depth=8
[11:11:52] src/tree/updater_prune.cc:74: tree pruning end, 1 roots, 450 extra nodes, 0 pruned nodes, max_depth=8
[11:11:58] src/tree/updater_prune.cc:74: tree pruning end, 1 roots, 466 extra nodes, 0 pruned nodes, max_depth=8
[11:12:04] src/tree/updater_prune.cc:74: tree pruning end, 1 roots, 438 extra nodes, 0 pruned nodes, max_depth=8
[11:12:11] src/tree/updater_prune.cc:74: tree pruning end, 1 roots, 478 extra nodes, 0 pruned nodes, max_depth=8
Traceback (most recent call last):
  File "diphotonCategorisation.py", line 257, in <module>
    fig.savefig('%s/diphoROC.pdf'%plotDir)
  File "/cvmfs/cms.cern.ch/slc6_amd64_gcc700/external/py2-matplotlib/1.5.2-gnimlf2/lib/python2.7/site-packages/matplotlib/figure.py", line 1563, in savefig
    self.canvas.print_figure(*args, **kwargs)
  File "/cvmfs/cms.cern.ch/slc6_amd64_gcc700/external/py2-matplotlib/1.5.2-gnimlf2/lib/python2.7/site-packages/matplotlib/backend_bases.py", line 2232, in print_figure
    **kwargs)
  File "/cvmfs/cms.cern.ch/slc6_amd64_gcc700/external/py2-matplotlib/1.5.2-gnimlf2/lib/python2.7/site-packages/matplotlib/backends/backend_pdf.py", line 2528, in print_pdf
    file = PdfFile(filename)
  File "/cvmfs/cms.cern.ch/slc6_amd64_gcc700/external/py2-matplotlib/1.5.2-gnimlf2/lib/python2.7/site-packages/matplotlib/backends/backend_pdf.py", line 422, in __init__
    fh = open(filename, 'wb')
IOError: [Errno 2] No such file or directory: '/home/hep/jg4814/CMSSW_10_2_0/2016/plots/diphoROC.pdf'
[11:32:41] Tree method is automatically selected to be 'approx' for faster speed. to use old behavior(exact greedy algorithm on single machine), set tree_method to 'exact'
[11:32:50] src/tree/updater_prune.cc:74: tree pruning end, 1 roots, 34 extra nodes, 0 pruned nodes, max_depth=8
[11:32:56] src/tree/updater_prune.cc:74: tree pruning end, 1 roots, 84 extra nodes, 0 pruned nodes, max_depth=8
[11:33:02] src/tree/updater_prune.cc:74: tree pruning end, 1 roots, 124 extra nodes, 0 pruned nodes, max_depth=8
[11:33:09] src/tree/updater_prune.cc:74: tree pruning end, 1 roots, 208 extra nodes, 0 pruned nodes, max_depth=8
[11:33:16] src/tree/updater_prune.cc:74: tree pruning end, 1 roots, 218 extra nodes, 0 pruned nodes, max_depth=8
[11:33:23] src/tree/updater_prune.cc:74: tree pruning end, 1 roots, 242 extra nodes, 0 pruned nodes, max_depth=8
[11:33:30] src/tree/updater_prune.cc:74: tree pruning end, 1 roots, 244 extra nodes, 0 pruned nodes, max_depth=8
[11:33:37] src/tree/updater_prune.cc:74: tree pruning end, 1 roots, 264 extra nodes, 0 pruned nodes, max_depth=8
[11:33:44] src/tree/updater_prune.cc:74: tree pruning end, 1 roots, 298 extra nodes, 0 pruned nodes, max_depth=8
[11:33:51] src/tree/updater_prune.cc:74: tree pruning end, 1 roots, 304 extra nodes, 0 pruned nodes, max_depth=8
[11:33:52] Tree method is automatically selected to be 'approx' for faster speed. to use old behavior(exact greedy algorithm on single machine), set tree_method to 'exact'
[11:34:02] src/tree/updater_prune.cc:74: tree pruning end, 1 roots, 508 extra nodes, 0 pruned nodes, max_depth=8
[11:34:08] src/tree/updater_prune.cc:74: tree pruning end, 1 roots, 510 extra nodes, 0 pruned nodes, max_depth=8
[11:34:15] src/tree/updater_prune.cc:74: tree pruning end, 1 roots, 498 extra nodes, 0 pruned nodes, max_depth=8
[11:34:22] src/tree/updater_prune.cc:74: tree pruning end, 1 roots, 506 extra nodes, 0 pruned nodes, max_depth=8
[11:34:29] src/tree/updater_prune.cc:74: tree pruning end, 1 roots, 500 extra nodes, 0 pruned nodes, max_depth=8
[11:34:36] src/tree/updater_prune.cc:74: tree pruning end, 1 roots, 476 extra nodes, 0 pruned nodes, max_depth=8
[11:34:43] src/tree/updater_prune.cc:74: tree pruning end, 1 roots, 464 extra nodes, 0 pruned nodes, max_depth=8
[11:34:49] src/tree/updater_prune.cc:74: tree pruning end, 1 roots, 480 extra nodes, 0 pruned nodes, max_depth=8
[11:34:56] src/tree/updater_prune.cc:74: tree pruning end, 1 roots, 490 extra nodes, 0 pruned nodes, max_depth=8
[11:35:03] src/tree/updater_prune.cc:74: tree pruning end, 1 roots, 456 extra nodes, 0 pruned nodes, max_depth=8
Plotting not working for now so exit
[11:43:21] Tree method is automatically selected to be 'approx' for faster speed. to use old behavior(exact greedy algorithm on single machine), set tree_method to 'exact'
[11:43:31] src/tree/updater_prune.cc:74: tree pruning end, 1 roots, 28 extra nodes, 0 pruned nodes, max_depth=7
[11:43:38] src/tree/updater_prune.cc:74: tree pruning end, 1 roots, 84 extra nodes, 0 pruned nodes, max_depth=8
[11:43:44] src/tree/updater_prune.cc:74: tree pruning end, 1 roots, 148 extra nodes, 0 pruned nodes, max_depth=8
[11:43:51] src/tree/updater_prune.cc:74: tree pruning end, 1 roots, 232 extra nodes, 0 pruned nodes, max_depth=8
[11:43:58] src/tree/updater_prune.cc:74: tree pruning end, 1 roots, 208 extra nodes, 0 pruned nodes, max_depth=8
[11:44:05] src/tree/updater_prune.cc:74: tree pruning end, 1 roots, 232 extra nodes, 0 pruned nodes, max_depth=8
[11:44:12] src/tree/updater_prune.cc:74: tree pruning end, 1 roots, 256 extra nodes, 0 pruned nodes, max_depth=8
[11:44:19] src/tree/updater_prune.cc:74: tree pruning end, 1 roots, 254 extra nodes, 0 pruned nodes, max_depth=8
[11:44:26] src/tree/updater_prune.cc:74: tree pruning end, 1 roots, 304 extra nodes, 0 pruned nodes, max_depth=8
[11:44:32] src/tree/updater_prune.cc:74: tree pruning end, 1 roots, 306 extra nodes, 0 pruned nodes, max_depth=8
[11:44:33] Tree method is automatically selected to be 'approx' for faster speed. to use old behavior(exact greedy algorithm on single machine), set tree_method to 'exact'
[11:44:44] src/tree/updater_prune.cc:74: tree pruning end, 1 roots, 510 extra nodes, 0 pruned nodes, max_depth=8
[11:44:52] src/tree/updater_prune.cc:74: tree pruning end, 1 roots, 510 extra nodes, 0 pruned nodes, max_depth=8
[11:44:59] src/tree/updater_prune.cc:74: tree pruning end, 1 roots, 506 extra nodes, 0 pruned nodes, max_depth=8
[11:45:06] src/tree/updater_prune.cc:74: tree pruning end, 1 roots, 498 extra nodes, 0 pruned nodes, max_depth=8
[11:45:13] src/tree/updater_prune.cc:74: tree pruning end, 1 roots, 478 extra nodes, 0 pruned nodes, max_depth=8
[11:45:20] src/tree/updater_prune.cc:74: tree pruning end, 1 roots, 468 extra nodes, 0 pruned nodes, max_depth=8
[11:45:26] src/tree/updater_prune.cc:74: tree pruning end, 1 roots, 466 extra nodes, 0 pruned nodes, max_depth=8
[11:45:33] src/tree/updater_prune.cc:74: tree pruning end, 1 roots, 446 extra nodes, 0 pruned nodes, max_depth=8
[11:45:40] src/tree/updater_prune.cc:74: tree pruning end, 1 roots, 430 extra nodes, 0 pruned nodes, max_depth=8
[11:45:47] src/tree/updater_prune.cc:74: tree pruning end, 1 roots, 472 extra nodes, 0 pruned nodes, max_depth=8
Plotting not working for now so exit
[12:14:19] Tree method is automatically selected to be 'approx' for faster speed. to use old behavior(exact greedy algorithm on single machine), set tree_method to 'exact'
[12:14:30] src/tree/updater_prune.cc:74: tree pruning end, 1 roots, 34 extra nodes, 0 pruned nodes, max_depth=8
[12:14:37] src/tree/updater_prune.cc:74: tree pruning end, 1 roots, 78 extra nodes, 0 pruned nodes, max_depth=8
[12:14:45] src/tree/updater_prune.cc:74: tree pruning end, 1 roots, 132 extra nodes, 0 pruned nodes, max_depth=8
[12:14:53] src/tree/updater_prune.cc:74: tree pruning end, 1 roots, 224 extra nodes, 0 pruned nodes, max_depth=8
[12:15:01] src/tree/updater_prune.cc:74: tree pruning end, 1 roots, 214 extra nodes, 0 pruned nodes, max_depth=8
[12:15:10] src/tree/updater_prune.cc:74: tree pruning end, 1 roots, 232 extra nodes, 0 pruned nodes, max_depth=8
[12:15:18] src/tree/updater_prune.cc:74: tree pruning end, 1 roots, 236 extra nodes, 0 pruned nodes, max_depth=8
[12:15:26] src/tree/updater_prune.cc:74: tree pruning end, 1 roots, 280 extra nodes, 0 pruned nodes, max_depth=8
[12:15:35] src/tree/updater_prune.cc:74: tree pruning end, 1 roots, 306 extra nodes, 0 pruned nodes, max_depth=8
[12:15:44] src/tree/updater_prune.cc:74: tree pruning end, 1 roots, 292 extra nodes, 0 pruned nodes, max_depth=8
[12:15:45] Tree method is automatically selected to be 'approx' for faster speed. to use old behavior(exact greedy algorithm on single machine), set tree_method to 'exact'
[12:15:58] src/tree/updater_prune.cc:74: tree pruning end, 1 roots, 506 extra nodes, 0 pruned nodes, max_depth=8
[12:16:07] src/tree/updater_prune.cc:74: tree pruning end, 1 roots, 510 extra nodes, 0 pruned nodes, max_depth=8
[12:16:16] src/tree/updater_prune.cc:74: tree pruning end, 1 roots, 502 extra nodes, 0 pruned nodes, max_depth=8
[12:16:25] src/tree/updater_prune.cc:74: tree pruning end, 1 roots, 498 extra nodes, 0 pruned nodes, max_depth=8
[12:16:34] src/tree/updater_prune.cc:74: tree pruning end, 1 roots, 478 extra nodes, 0 pruned nodes, max_depth=8
[12:16:42] src/tree/updater_prune.cc:74: tree pruning end, 1 roots, 484 extra nodes, 0 pruned nodes, max_depth=8
[12:16:51] src/tree/updater_prune.cc:74: tree pruning end, 1 roots, 442 extra nodes, 0 pruned nodes, max_depth=8
[12:16:59] src/tree/updater_prune.cc:74: tree pruning end, 1 roots, 442 extra nodes, 0 pruned nodes, max_depth=8
[12:17:07] src/tree/updater_prune.cc:74: tree pruning end, 1 roots, 484 extra nodes, 0 pruned nodes, max_depth=8
[12:17:16] src/tree/updater_prune.cc:74: tree pruning end, 1 roots, 496 extra nodes, 0 pruned nodes, max_depth=8
Info in <TCanvas::Print>: pdf file /home/hep/jg4814/CMSSW_10_2_0/2016/plots/outputScores.pdf has been created
Warning in <TCanvas::Constructor>: Deleting canvas with same name: can
Warning in <TROOT::Append>: Replacing existing TH1: sigScoreHist (Potential memory leak).
Warning in <TROOT::Append>: Replacing existing TH1: bkgScoreHist (Potential memory leak).
Info in <TCanvas::Print>: pdf file /home/hep/jg4814/CMSSW_10_2_0/2016/plots/altOutputScores.pdf has been created
[13:19:08] Tree method is automatically selected to be 'approx' for faster speed. to use old behavior(exact greedy algorithm on single machine), set tree_method to 'exact'
[13:19:20] src/tree/updater_prune.cc:74: tree pruning end, 1 roots, 32 extra nodes, 0 pruned nodes, max_depth=8
[13:19:27] src/tree/updater_prune.cc:74: tree pruning end, 1 roots, 78 extra nodes, 0 pruned nodes, max_depth=8
[13:19:35] src/tree/updater_prune.cc:74: tree pruning end, 1 roots, 146 extra nodes, 0 pruned nodes, max_depth=8
[13:19:44] src/tree/updater_prune.cc:74: tree pruning end, 1 roots, 206 extra nodes, 0 pruned nodes, max_depth=8
[13:19:52] src/tree/updater_prune.cc:74: tree pruning end, 1 roots, 202 extra nodes, 0 pruned nodes, max_depth=8
[13:20:00] src/tree/updater_prune.cc:74: tree pruning end, 1 roots, 228 extra nodes, 0 pruned nodes, max_depth=8
[13:20:08] src/tree/updater_prune.cc:74: tree pruning end, 1 roots, 248 extra nodes, 0 pruned nodes, max_depth=8
[13:20:16] src/tree/updater_prune.cc:74: tree pruning end, 1 roots, 262 extra nodes, 0 pruned nodes, max_depth=8
[13:20:25] src/tree/updater_prune.cc:74: tree pruning end, 1 roots, 302 extra nodes, 0 pruned nodes, max_depth=8
[13:20:33] src/tree/updater_prune.cc:74: tree pruning end, 1 roots, 298 extra nodes, 0 pruned nodes, max_depth=8
[13:20:34] Tree method is automatically selected to be 'approx' for faster speed. to use old behavior(exact greedy algorithm on single machine), set tree_method to 'exact'
[13:20:47] src/tree/updater_prune.cc:74: tree pruning end, 1 roots, 510 extra nodes, 0 pruned nodes, max_depth=8
[13:20:56] src/tree/updater_prune.cc:74: tree pruning end, 1 roots, 510 extra nodes, 0 pruned nodes, max_depth=8
[13:21:04] src/tree/updater_prune.cc:74: tree pruning end, 1 roots, 506 extra nodes, 0 pruned nodes, max_depth=8
[13:21:13] src/tree/updater_prune.cc:74: tree pruning end, 1 roots, 504 extra nodes, 0 pruned nodes, max_depth=8
[13:21:22] src/tree/updater_prune.cc:74: tree pruning end, 1 roots, 482 extra nodes, 0 pruned nodes, max_depth=8
[13:21:31] src/tree/updater_prune.cc:74: tree pruning end, 1 roots, 472 extra nodes, 0 pruned nodes, max_depth=8
[13:21:39] src/tree/updater_prune.cc:74: tree pruning end, 1 roots, 464 extra nodes, 0 pruned nodes, max_depth=8
[13:21:48] src/tree/updater_prune.cc:74: tree pruning end, 1 roots, 488 extra nodes, 0 pruned nodes, max_depth=8
[13:21:57] src/tree/updater_prune.cc:74: tree pruning end, 1 roots, 462 extra nodes, 0 pruned nodes, max_depth=8
[13:22:06] src/tree/updater_prune.cc:74: tree pruning end, 1 roots, 464 extra nodes, 0 pruned nodes, max_depth=8
Info in <TCanvas::Print>: pdf file /home/hep/jg4814/CMSSW_10_2_0/2016/plots/outputScores.pdf has been created
Warning in <TCanvas::Constructor>: Deleting canvas with same name: can
Warning in <TROOT::Append>: Replacing existing TH1: sigScoreHist (Potential memory leak).
Warning in <TROOT::Append>: Replacing existing TH1: bkgScoreHist (Potential memory leak).
Info in <TCanvas::Print>: pdf file /home/hep/jg4814/CMSSW_10_2_0/2016/plots/altOutputScores.pdf has been created
[13:36:50] Tree method is automatically selected to be 'approx' for faster speed. to use old behavior(exact greedy algorithm on single machine), set tree_method to 'exact'
[13:37:01] src/tree/updater_prune.cc:74: tree pruning end, 1 roots, 30 extra nodes, 0 pruned nodes, max_depth=6
[13:37:08] src/tree/updater_prune.cc:74: tree pruning end, 1 roots, 110 extra nodes, 0 pruned nodes, max_depth=8
[13:37:16] src/tree/updater_prune.cc:74: tree pruning end, 1 roots, 162 extra nodes, 0 pruned nodes, max_depth=8
[13:37:24] src/tree/updater_prune.cc:74: tree pruning end, 1 roots, 214 extra nodes, 0 pruned nodes, max_depth=8
[13:37:32] src/tree/updater_prune.cc:74: tree pruning end, 1 roots, 224 extra nodes, 0 pruned nodes, max_depth=8
[13:37:41] src/tree/updater_prune.cc:74: tree pruning end, 1 roots, 232 extra nodes, 0 pruned nodes, max_depth=8
[13:37:49] src/tree/updater_prune.cc:74: tree pruning end, 1 roots, 250 extra nodes, 0 pruned nodes, max_depth=8
[13:37:57] src/tree/updater_prune.cc:74: tree pruning end, 1 roots, 272 extra nodes, 0 pruned nodes, max_depth=8
[13:38:05] src/tree/updater_prune.cc:74: tree pruning end, 1 roots, 288 extra nodes, 0 pruned nodes, max_depth=8
[13:38:14] src/tree/updater_prune.cc:74: tree pruning end, 1 roots, 310 extra nodes, 0 pruned nodes, max_depth=8
[13:38:15] Tree method is automatically selected to be 'approx' for faster speed. to use old behavior(exact greedy algorithm on single machine), set tree_method to 'exact'
[13:38:27] src/tree/updater_prune.cc:74: tree pruning end, 1 roots, 510 extra nodes, 0 pruned nodes, max_depth=8
[13:38:36] src/tree/updater_prune.cc:74: tree pruning end, 1 roots, 510 extra nodes, 0 pruned nodes, max_depth=8
[13:38:44] src/tree/updater_prune.cc:74: tree pruning end, 1 roots, 500 extra nodes, 0 pruned nodes, max_depth=8
[13:38:53] src/tree/updater_prune.cc:74: tree pruning end, 1 roots, 508 extra nodes, 0 pruned nodes, max_depth=8
[13:39:01] src/tree/updater_prune.cc:74: tree pruning end, 1 roots, 492 extra nodes, 0 pruned nodes, max_depth=8
[13:39:10] src/tree/updater_prune.cc:74: tree pruning end, 1 roots, 468 extra nodes, 0 pruned nodes, max_depth=8
[13:39:18] src/tree/updater_prune.cc:74: tree pruning end, 1 roots, 440 extra nodes, 0 pruned nodes, max_depth=8
[13:39:26] src/tree/updater_prune.cc:74: tree pruning end, 1 roots, 476 extra nodes, 0 pruned nodes, max_depth=8
[13:39:35] src/tree/updater_prune.cc:74: tree pruning end, 1 roots, 462 extra nodes, 0 pruned nodes, max_depth=8
[13:39:43] src/tree/updater_prune.cc:74: tree pruning end, 1 roots, 484 extra nodes, 0 pruned nodes, max_depth=8
Plotting not working for now so exit
[13:53:53] Tree method is automatically selected to be 'approx' for faster speed. to use old behavior(exact greedy algorithm on single machine), set tree_method to 'exact'
[13:54:05] src/tree/updater_prune.cc:74: tree pruning end, 1 roots, 36 extra nodes, 0 pruned nodes, max_depth=8
[13:54:12] src/tree/updater_prune.cc:74: tree pruning end, 1 roots, 84 extra nodes, 0 pruned nodes, max_depth=8
[13:54:21] src/tree/updater_prune.cc:74: tree pruning end, 1 roots, 124 extra nodes, 0 pruned nodes, max_depth=8
[13:54:29] src/tree/updater_prune.cc:74: tree pruning end, 1 roots, 212 extra nodes, 0 pruned nodes, max_depth=8
[13:54:37] src/tree/updater_prune.cc:74: tree pruning end, 1 roots, 226 extra nodes, 0 pruned nodes, max_depth=8
[13:54:46] src/tree/updater_prune.cc:74: tree pruning end, 1 roots, 250 extra nodes, 0 pruned nodes, max_depth=8
[13:54:54] src/tree/updater_prune.cc:74: tree pruning end, 1 roots, 242 extra nodes, 0 pruned nodes, max_depth=8
[13:55:03] src/tree/updater_prune.cc:74: tree pruning end, 1 roots, 256 extra nodes, 0 pruned nodes, max_depth=8
[13:55:11] src/tree/updater_prune.cc:74: tree pruning end, 1 roots, 288 extra nodes, 0 pruned nodes, max_depth=8
[13:55:20] src/tree/updater_prune.cc:74: tree pruning end, 1 roots, 300 extra nodes, 0 pruned nodes, max_depth=8
[13:55:21] Tree method is automatically selected to be 'approx' for faster speed. to use old behavior(exact greedy algorithm on single machine), set tree_method to 'exact'
[13:55:34] src/tree/updater_prune.cc:74: tree pruning end, 1 roots, 508 extra nodes, 0 pruned nodes, max_depth=8
[13:55:43] src/tree/updater_prune.cc:74: tree pruning end, 1 roots, 508 extra nodes, 0 pruned nodes, max_depth=8
[13:55:52] src/tree/updater_prune.cc:74: tree pruning end, 1 roots, 508 extra nodes, 0 pruned nodes, max_depth=8
[13:56:01] src/tree/updater_prune.cc:74: tree pruning end, 1 roots, 510 extra nodes, 0 pruned nodes, max_depth=8
[13:56:10] src/tree/updater_prune.cc:74: tree pruning end, 1 roots, 492 extra nodes, 0 pruned nodes, max_depth=8
[13:56:18] src/tree/updater_prune.cc:74: tree pruning end, 1 roots, 478 extra nodes, 0 pruned nodes, max_depth=8
[13:56:27] src/tree/updater_prune.cc:74: tree pruning end, 1 roots, 482 extra nodes, 0 pruned nodes, max_depth=8
[13:56:36] src/tree/updater_prune.cc:74: tree pruning end, 1 roots, 500 extra nodes, 0 pruned nodes, max_depth=8
[13:56:45] src/tree/updater_prune.cc:74: tree pruning end, 1 roots, 446 extra nodes, 0 pruned nodes, max_depth=8
[13:56:53] src/tree/updater_prune.cc:74: tree pruning end, 1 roots, 432 extra nodes, 0 pruned nodes, max_depth=8
/cvmfs/cms.cern.ch/slc6_amd64_gcc700/external/py2-matplotlib/1.5.2-gnimlf2/lib/python2.7/site-packages/matplotlib/legend.py:325: UserWarning: Unrecognized location "bottomright". Falling back on "best"; valid locations are
	right
	center left
	upper right
	lower right
	best
	center
	lower left
	center right
	upper left
	upper center
	lower center

  six.iterkeys(self.codes))))
Plotting not working for now so exit
[13:59:40] Tree method is automatically selected to be 'approx' for faster speed. to use old behavior(exact greedy algorithm on single machine), set tree_method to 'exact'
[13:59:51] src/tree/updater_prune.cc:74: tree pruning end, 1 roots, 22 extra nodes, 0 pruned nodes, max_depth=5
[13:59:59] src/tree/updater_prune.cc:74: tree pruning end, 1 roots, 84 extra nodes, 0 pruned nodes, max_depth=8
[14:00:08] src/tree/updater_prune.cc:74: tree pruning end, 1 roots, 158 extra nodes, 0 pruned nodes, max_depth=8
[14:00:17] src/tree/updater_prune.cc:74: tree pruning end, 1 roots, 206 extra nodes, 0 pruned nodes, max_depth=8
[14:00:26] src/tree/updater_prune.cc:74: tree pruning end, 1 roots, 228 extra nodes, 0 pruned nodes, max_depth=8
[14:00:34] src/tree/updater_prune.cc:74: tree pruning end, 1 roots, 218 extra nodes, 0 pruned nodes, max_depth=8
[14:00:43] src/tree/updater_prune.cc:74: tree pruning end, 1 roots, 258 extra nodes, 0 pruned nodes, max_depth=8
[14:00:52] src/tree/updater_prune.cc:74: tree pruning end, 1 roots, 278 extra nodes, 0 pruned nodes, max_depth=8
[14:01:01] src/tree/updater_prune.cc:74: tree pruning end, 1 roots, 286 extra nodes, 0 pruned nodes, max_depth=8
[14:01:09] src/tree/updater_prune.cc:74: tree pruning end, 1 roots, 290 extra nodes, 0 pruned nodes, max_depth=8
[14:01:11] Tree method is automatically selected to be 'approx' for faster speed. to use old behavior(exact greedy algorithm on single machine), set tree_method to 'exact'
[14:01:23] src/tree/updater_prune.cc:74: tree pruning end, 1 roots, 508 extra nodes, 0 pruned nodes, max_depth=8
[14:01:32] src/tree/updater_prune.cc:74: tree pruning end, 1 roots, 500 extra nodes, 0 pruned nodes, max_depth=8
[14:01:41] src/tree/updater_prune.cc:74: tree pruning end, 1 roots, 504 extra nodes, 0 pruned nodes, max_depth=8
[14:01:49] src/tree/updater_prune.cc:74: tree pruning end, 1 roots, 508 extra nodes, 0 pruned nodes, max_depth=8
[14:01:58] src/tree/updater_prune.cc:74: tree pruning end, 1 roots, 472 extra nodes, 0 pruned nodes, max_depth=8
[14:02:06] src/tree/updater_prune.cc:74: tree pruning end, 1 roots, 490 extra nodes, 0 pruned nodes, max_depth=8
[14:02:15] src/tree/updater_prune.cc:74: tree pruning end, 1 roots, 488 extra nodes, 0 pruned nodes, max_depth=8
[14:02:23] src/tree/updater_prune.cc:74: tree pruning end, 1 roots, 448 extra nodes, 0 pruned nodes, max_depth=8
[14:02:32] src/tree/updater_prune.cc:74: tree pruning end, 1 roots, 490 extra nodes, 0 pruned nodes, max_depth=8
[14:02:41] src/tree/updater_prune.cc:74: tree pruning end, 1 roots, 480 extra nodes, 0 pruned nodes, max_depth=8
/cvmfs/cms.cern.ch/slc6_amd64_gcc700/external/py2-matplotlib/1.5.2-gnimlf2/lib/python2.7/site-packages/matplotlib/legend.py:325: UserWarning: Unrecognized location "bottomright". Falling back on "best"; valid locations are
	right
	center left
	upper right
	lower right
	best
	center
	lower left
	center right
	upper left
	upper center
	lower center

  six.iterkeys(self.codes))))
Plotting not working for now so exit
[14:03:10] Tree method is automatically selected to be 'approx' for faster speed. to use old behavior(exact greedy algorithm on single machine), set tree_method to 'exact'
[14:03:22] src/tree/updater_prune.cc:74: tree pruning end, 1 roots, 38 extra nodes, 0 pruned nodes, max_depth=8
[14:03:29] src/tree/updater_prune.cc:74: tree pruning end, 1 roots, 78 extra nodes, 0 pruned nodes, max_depth=8
[14:03:37] src/tree/updater_prune.cc:74: tree pruning end, 1 roots, 134 extra nodes, 0 pruned nodes, max_depth=8
[14:03:46] src/tree/updater_prune.cc:74: tree pruning end, 1 roots, 214 extra nodes, 0 pruned nodes, max_depth=8
[14:03:55] src/tree/updater_prune.cc:74: tree pruning end, 1 roots, 204 extra nodes, 0 pruned nodes, max_depth=8
[14:04:03] src/tree/updater_prune.cc:74: tree pruning end, 1 roots, 238 extra nodes, 0 pruned nodes, max_depth=8
[14:04:12] src/tree/updater_prune.cc:74: tree pruning end, 1 roots, 228 extra nodes, 0 pruned nodes, max_depth=8
[14:04:20] src/tree/updater_prune.cc:74: tree pruning end, 1 roots, 266 extra nodes, 0 pruned nodes, max_depth=8
[14:04:29] src/tree/updater_prune.cc:74: tree pruning end, 1 roots, 270 extra nodes, 0 pruned nodes, max_depth=8
[14:04:38] src/tree/updater_prune.cc:74: tree pruning end, 1 roots, 322 extra nodes, 0 pruned nodes, max_depth=8
[14:04:39] Tree method is automatically selected to be 'approx' for faster speed. to use old behavior(exact greedy algorithm on single machine), set tree_method to 'exact'
[14:04:52] src/tree/updater_prune.cc:74: tree pruning end, 1 roots, 510 extra nodes, 0 pruned nodes, max_depth=8
[14:05:00] src/tree/updater_prune.cc:74: tree pruning end, 1 roots, 504 extra nodes, 0 pruned nodes, max_depth=8
[14:05:09] src/tree/updater_prune.cc:74: tree pruning end, 1 roots, 508 extra nodes, 0 pruned nodes, max_depth=8
[14:05:18] src/tree/updater_prune.cc:74: tree pruning end, 1 roots, 508 extra nodes, 0 pruned nodes, max_depth=8
[14:05:27] src/tree/updater_prune.cc:74: tree pruning end, 1 roots, 492 extra nodes, 0 pruned nodes, max_depth=8
[14:05:36] src/tree/updater_prune.cc:74: tree pruning end, 1 roots, 496 extra nodes, 0 pruned nodes, max_depth=8
[14:05:44] src/tree/updater_prune.cc:74: tree pruning end, 1 roots, 478 extra nodes, 0 pruned nodes, max_depth=8
[14:05:53] src/tree/updater_prune.cc:74: tree pruning end, 1 roots, 462 extra nodes, 0 pruned nodes, max_depth=8
[14:06:02] src/tree/updater_prune.cc:74: tree pruning end, 1 roots, 474 extra nodes, 0 pruned nodes, max_depth=8
[14:06:10] src/tree/updater_prune.cc:74: tree pruning end, 1 roots, 450 extra nodes, 0 pruned nodes, max_depth=8
Plotting not working for now so exit
[14:18:28] Tree method is automatically selected to be 'approx' for faster speed. to use old behavior(exact greedy algorithm on single machine), set tree_method to 'exact'
[14:18:40] src/tree/updater_prune.cc:74: tree pruning end, 1 roots, 34 extra nodes, 0 pruned nodes, max_depth=8
[14:18:48] src/tree/updater_prune.cc:74: tree pruning end, 1 roots, 74 extra nodes, 0 pruned nodes, max_depth=8
[14:18:56] src/tree/updater_prune.cc:74: tree pruning end, 1 roots, 146 extra nodes, 0 pruned nodes, max_depth=8
[14:19:04] src/tree/updater_prune.cc:74: tree pruning end, 1 roots, 190 extra nodes, 0 pruned nodes, max_depth=8
[14:19:12] src/tree/updater_prune.cc:74: tree pruning end, 1 roots, 216 extra nodes, 0 pruned nodes, max_depth=8
[14:19:21] src/tree/updater_prune.cc:74: tree pruning end, 1 roots, 206 extra nodes, 0 pruned nodes, max_depth=8
[14:19:29] src/tree/updater_prune.cc:74: tree pruning end, 1 roots, 232 extra nodes, 0 pruned nodes, max_depth=8
[14:19:38] src/tree/updater_prune.cc:74: tree pruning end, 1 roots, 260 extra nodes, 0 pruned nodes, max_depth=8
[14:19:46] src/tree/updater_prune.cc:74: tree pruning end, 1 roots, 292 extra nodes, 0 pruned nodes, max_depth=8
[14:19:55] src/tree/updater_prune.cc:74: tree pruning end, 1 roots, 302 extra nodes, 0 pruned nodes, max_depth=8
[14:19:56] Tree method is automatically selected to be 'approx' for faster speed. to use old behavior(exact greedy algorithm on single machine), set tree_method to 'exact'
[14:20:09] src/tree/updater_prune.cc:74: tree pruning end, 1 roots, 510 extra nodes, 0 pruned nodes, max_depth=8
[14:20:17] src/tree/updater_prune.cc:74: tree pruning end, 1 roots, 510 extra nodes, 0 pruned nodes, max_depth=8
[14:20:26] src/tree/updater_prune.cc:74: tree pruning end, 1 roots, 508 extra nodes, 0 pruned nodes, max_depth=8
[14:20:35] src/tree/updater_prune.cc:74: tree pruning end, 1 roots, 504 extra nodes, 0 pruned nodes, max_depth=8
[14:20:43] src/tree/updater_prune.cc:74: tree pruning end, 1 roots, 494 extra nodes, 0 pruned nodes, max_depth=8
[14:20:52] src/tree/updater_prune.cc:74: tree pruning end, 1 roots, 486 extra nodes, 0 pruned nodes, max_depth=8
[14:21:00] src/tree/updater_prune.cc:74: tree pruning end, 1 roots, 452 extra nodes, 0 pruned nodes, max_depth=8
[14:21:09] src/tree/updater_prune.cc:74: tree pruning end, 1 roots, 456 extra nodes, 0 pruned nodes, max_depth=8
[14:21:17] src/tree/updater_prune.cc:74: tree pruning end, 1 roots, 476 extra nodes, 0 pruned nodes, max_depth=8
[14:21:26] src/tree/updater_prune.cc:74: tree pruning end, 1 roots, 452 extra nodes, 0 pruned nodes, max_depth=8
Plotting not working for now so exit
