SysError in <TFile::TFile>: file /vols/cms/es811/Stage1categorisation/trainTrees/new.root can not be opened (No such file or directory)
Warning in <TTree::SetCacheSizeAux>: A TTreeCache could not be created because the TTree has no file
SysError in <TFile::TFile>: file /vols/cms/es811/Stage1categorisation/trainTrees/new.root can not be opened (No such file or directory)
Warning in <TTree::SetCacheSizeAux>: A TTreeCache could not be created because the TTree has no file
SysError in <TFile::TFile>: file /vols/cms/es811/Stage1categorisation/trainTrees/new.root can not be opened (No such file or directory)
Warning in <TTree::SetCacheSizeAux>: A TTreeCache could not be created because the TTree has no file
SysError in <TFile::TFile>: file /vols/cms/es811/Stage1categorisation/trainTrees/new.root can not be opened (No such file or directory)
Warning in <TTree::SetCacheSizeAux>: A TTreeCache could not be created because the TTree has no file
SysError in <TFile::TFile>: file /vols/cms/es811/Stage1categorisation/trainTrees/new.root can not be opened (No such file or directory)
Warning in <TTree::SetCacheSizeAux>: A TTreeCache could not be created because the TTree has no file
SysError in <TFile::TFile>: file /vols/cms/es811/Stage1categorisation/trainTrees/new.root can not be opened (No such file or directory)
Warning in <TTree::SetCacheSizeAux>: A TTreeCache could not be created because the TTree has no file
SysError in <TFile::TFile>: file /vols/cms/es811/Stage1categorisation/trainTrees/new.root can not be opened (No such file or directory)
Warning in <TTree::SetCacheSizeAux>: A TTreeCache could not be created because the TTree has no file
[14:36:23] Tree method is automatically selected to be 'approx' for faster speed. to use old behavior(exact greedy algorithm on single machine), set tree_method to 'exact'
[14:36:32] src/tree/updater_prune.cc:74: tree pruning end, 1 roots, 30 extra nodes, 0 pruned nodes, max_depth=8
[14:36:41] src/tree/updater_prune.cc:74: tree pruning end, 1 roots, 100 extra nodes, 0 pruned nodes, max_depth=18
[14:36:50] src/tree/updater_prune.cc:74: tree pruning end, 1 roots, 130 extra nodes, 0 pruned nodes, max_depth=15
[14:36:59] src/tree/updater_prune.cc:74: tree pruning end, 1 roots, 236 extra nodes, 0 pruned nodes, max_depth=18
[14:37:10] src/tree/updater_prune.cc:74: tree pruning end, 1 roots, 288 extra nodes, 0 pruned nodes, max_depth=18
[14:37:21] src/tree/updater_prune.cc:74: tree pruning end, 1 roots, 406 extra nodes, 0 pruned nodes, max_depth=18
[14:37:32] src/tree/updater_prune.cc:74: tree pruning end, 1 roots, 532 extra nodes, 0 pruned nodes, max_depth=18
[14:37:44] src/tree/updater_prune.cc:74: tree pruning end, 1 roots, 666 extra nodes, 0 pruned nodes, max_depth=18
[14:37:56] src/tree/updater_prune.cc:74: tree pruning end, 1 roots, 946 extra nodes, 0 pruned nodes, max_depth=18
[14:38:09] src/tree/updater_prune.cc:74: tree pruning end, 1 roots, 1124 extra nodes, 0 pruned nodes, max_depth=18
[14:38:10] Tree method is automatically selected to be 'approx' for faster speed. to use old behavior(exact greedy algorithm on single machine), set tree_method to 'exact'
[14:38:40] src/tree/updater_prune.cc:74: tree pruning end, 1 roots, 61500 extra nodes, 0 pruned nodes, max_depth=18
[14:39:05] src/tree/updater_prune.cc:74: tree pruning end, 1 roots, 59582 extra nodes, 0 pruned nodes, max_depth=18
[14:39:32] src/tree/updater_prune.cc:74: tree pruning end, 1 roots, 65266 extra nodes, 0 pruned nodes, max_depth=18
[14:39:59] src/tree/updater_prune.cc:74: tree pruning end, 1 roots, 65484 extra nodes, 0 pruned nodes, max_depth=18
[14:40:28] src/tree/updater_prune.cc:74: tree pruning end, 1 roots, 69732 extra nodes, 0 pruned nodes, max_depth=18
[14:40:55] src/tree/updater_prune.cc:74: tree pruning end, 1 roots, 67308 extra nodes, 0 pruned nodes, max_depth=18
[14:41:23] src/tree/updater_prune.cc:74: tree pruning end, 1 roots, 64790 extra nodes, 0 pruned nodes, max_depth=18
[14:41:51] src/tree/updater_prune.cc:74: tree pruning end, 1 roots, 67466 extra nodes, 0 pruned nodes, max_depth=18
[14:42:18] src/tree/updater_prune.cc:74: tree pruning end, 1 roots, 65054 extra nodes, 0 pruned nodes, max_depth=18
[14:42:45] src/tree/updater_prune.cc:74: tree pruning end, 1 roots, 62008 extra nodes, 0 pruned nodes, max_depth=18
Plotting not working for now so exit
